Traceback (most recent call last):
  File "/public/home/202420116260/miniconda3/envs/lerobot/bin/lerobot-train", line 7, in <module>
    sys.exit(main())
  File "/public/home/202420116260/Project/lerobot/src/lerobot/scripts/lerobot_train.py", line 532, in main
    train()
  File "/public/home/202420116260/Project/lerobot/src/lerobot/configs/parser.py", line 230, in wrapper_inner
    cfg = argtype.from_pretrained(config_path_cli, cli_args=cli_args)
  File "/public/home/202420116260/Project/lerobot/src/lerobot/configs/train.py", line 188, in from_pretrained
    config_file = hf_hub_download(
  File "/public/home/202420116260/miniconda3/envs/lerobot/lib/python3.10/site-packages/huggingface_hub/utils/_validators.py", line 114, in _inner_fn
    return fn(*args, **kwargs)
  File "/public/home/202420116260/miniconda3/envs/lerobot/lib/python3.10/site-packages/huggingface_hub/file_download.py", line 1010, in hf_hub_download
    return _hf_hub_download_to_cache_dir(
  File "/public/home/202420116260/miniconda3/envs/lerobot/lib/python3.10/site-packages/huggingface_hub/file_download.py", line 1073, in _hf_hub_download_to_cache_dir
    (url_to_download, etag, commit_hash, expected_size, xet_file_data, head_call_error) = _get_metadata_or_catch_error(
  File "/public/home/202420116260/miniconda3/envs/lerobot/lib/python3.10/site-packages/huggingface_hub/file_download.py", line 1546, in _get_metadata_or_catch_error
    metadata = get_hf_file_metadata(
  File "/public/home/202420116260/miniconda3/envs/lerobot/lib/python3.10/site-packages/huggingface_hub/utils/_validators.py", line 114, in _inner_fn
    return fn(*args, **kwargs)
  File "/public/home/202420116260/miniconda3/envs/lerobot/lib/python3.10/site-packages/huggingface_hub/file_download.py", line 1463, in get_hf_file_metadata
    r = _request_wrapper(
  File "/public/home/202420116260/miniconda3/envs/lerobot/lib/python3.10/site-packages/huggingface_hub/file_download.py", line 286, in _request_wrapper
    response = _request_wrapper(
  File "/public/home/202420116260/miniconda3/envs/lerobot/lib/python3.10/site-packages/huggingface_hub/file_download.py", line 309, in _request_wrapper
    response = http_backoff(method=method, url=url, **params)
  File "/public/home/202420116260/miniconda3/envs/lerobot/lib/python3.10/site-packages/huggingface_hub/utils/_http.py", line 308, in http_backoff
    response = session.request(method=method, url=url, **kwargs)
  File "/public/home/202420116260/miniconda3/envs/lerobot/lib/python3.10/site-packages/requests/sessions.py", line 589, in request
    resp = self.send(prep, **send_kwargs)
  File "/public/home/202420116260/miniconda3/envs/lerobot/lib/python3.10/site-packages/requests/sessions.py", line 703, in send
    r = adapter.send(request, **kwargs)
  File "/public/home/202420116260/miniconda3/envs/lerobot/lib/python3.10/site-packages/huggingface_hub/utils/_http.py", line 95, in send
    return super().send(request, *args, **kwargs)
  File "/public/home/202420116260/miniconda3/envs/lerobot/lib/python3.10/site-packages/requests/adapters.py", line 610, in send
    conn = self.get_connection_with_tls_context(
  File "/public/home/202420116260/miniconda3/envs/lerobot/lib/python3.10/site-packages/requests/adapters.py", line 456, in get_connection_with_tls_context
    raise InvalidProxyURL(
requests.exceptions.InvalidProxyURL: Please check proxy URL. It is malformed and could be missing the host.
